<?xml version="1.0" encoding="UTF-8"?>
<!-- Generated by org.testng.reporters.JUnitReportReporter -->
<testsuite hostname="INLN56593756A" failures="0" tests="1" name="EdgeServices.StreamingConsoleTestCases" time="424.831" errors="0" timestamp="2020-10-13T22:08:55 IST" skipped="0">
  <testcase classname="EdgeServices.StreamingConsoleTestCases" name="TC01_Custom_Over100" time="424.831"/>
  <system-out/>
</testsuite> <!-- EdgeServices.StreamingConsoleTestCases -->
