<?xml version="1.0" encoding="UTF-8"?>
<!-- Generated by org.testng.reporters.JUnitReportReporter -->
<testsuite name="StreamingEdgeConsoleTestcases.Test_CreateSensorProfilewithActiontypeFieldmessageandRuletypeValuemonitoring" tests="1" time="187.712" ignored="0" failures="0" timestamp="06 May 2020 10:57:42 GMT" skipped="0" hostname="INLN56593756A" errors="0">
  <testcase name="TC_CreateSensorProfilewith_ActiontypeFieldmessageand_RuletypeValuemonitoring_Flow" time="187.712" classname="StreamingEdgeConsoleTestcases.Test_CreateSensorProfilewithActiontypeFieldmessageandRuletypeValuemonitoring"/>
</testsuite> <!-- StreamingEdgeConsoleTestcases.Test_CreateSensorProfilewithActiontypeFieldmessageandRuletypeValuemonitoring -->
