<?xml version="1.0" encoding="UTF-8"?>
<!-- Generated by org.testng.reporters.JUnitReportReporter -->
<testsuite name="StreamingEdgeConsole.Test_VMtwoSensors_SmallerThanGreaterThan" tests="1" time="0.030" ignored="32" failures="0" timestamp="06 May 2020 15:43:54 GMT" skipped="1" hostname="INLN56593756A" errors="0">
  <testcase name="TC_TestVMtwoSensors_SmallerThanGreaterThan_Flow" time="0.030" classname="StreamingEdgeConsole.Test_VMtwoSensors_SmallerThanGreaterThan">
    <skipped/>
  </testcase> <!-- TC_TestVMtwoSensors_SmallerThanGreaterThan_Flow -->
  <testcase name="beforeSuite" classname="BaseComponent.BaseTest">
    <skipped/>
  </testcase> <!-- beforeSuite -->
  <testcase name="beforeSuite" classname="BaseComponent.BaseTest">
    <skipped/>
  </testcase> <!-- beforeSuite -->
  <testcase name="beforeSuite" classname="BaseComponent.BaseTest">
    <skipped/>
  </testcase> <!-- beforeSuite -->
  <testcase name="beforeSuite" classname="BaseComponent.BaseTest">
    <skipped/>
  </testcase> <!-- beforeSuite -->
  <testcase name="beforeSuite" classname="BaseComponent.BaseTest">
    <skipped/>
  </testcase> <!-- beforeSuite -->
  <testcase name="beforeSuite" classname="BaseComponent.BaseTest">
    <skipped/>
  </testcase> <!-- beforeSuite -->
  <testcase name="beforeSuite" classname="BaseComponent.BaseTest">
    <skipped/>
  </testcase> <!-- beforeSuite -->
  <testcase name="beforeSuite" classname="BaseComponent.BaseTest">
    <skipped/>
  </testcase> <!-- beforeSuite -->
  <testcase name="beforeSuite" classname="BaseComponent.BaseTest">
    <skipped/>
  </testcase> <!-- beforeSuite -->
  <testcase name="beforeSuite" classname="BaseComponent.BaseTest">
    <skipped/>
  </testcase> <!-- beforeSuite -->
  <testcase name="beforeSuite" classname="BaseComponent.BaseTest">
    <skipped/>
  </testcase> <!-- beforeSuite -->
  <testcase name="beforeSuite" classname="BaseComponent.BaseTest">
    <skipped/>
  </testcase> <!-- beforeSuite -->
  <testcase name="beforeSuite" classname="BaseComponent.BaseTest">
    <skipped/>
  </testcase> <!-- beforeSuite -->
  <testcase name="beforeSuite" classname="BaseComponent.BaseTest">
    <skipped/>
  </testcase> <!-- beforeSuite -->
  <testcase name="beforeSuite" classname="BaseComponent.BaseTest">
    <skipped/>
  </testcase> <!-- beforeSuite -->
  <testcase name="beforeSuite" classname="BaseComponent.BaseTest">
    <skipped/>
  </testcase> <!-- beforeSuite -->
  <testcase name="AfterSuite" classname="BaseComponent.BaseTest">
    <skipped/>
  </testcase> <!-- AfterSuite -->
  <testcase name="AfterSuite" classname="BaseComponent.BaseTest">
    <skipped/>
  </testcase> <!-- AfterSuite -->
  <testcase name="AfterSuite" classname="BaseComponent.BaseTest">
    <skipped/>
  </testcase> <!-- AfterSuite -->
  <testcase name="AfterSuite" classname="BaseComponent.BaseTest">
    <skipped/>
  </testcase> <!-- AfterSuite -->
  <testcase name="AfterSuite" classname="BaseComponent.BaseTest">
    <skipped/>
  </testcase> <!-- AfterSuite -->
  <testcase name="AfterSuite" classname="BaseComponent.BaseTest">
    <skipped/>
  </testcase> <!-- AfterSuite -->
  <testcase name="AfterSuite" classname="BaseComponent.BaseTest">
    <skipped/>
  </testcase> <!-- AfterSuite -->
  <testcase name="AfterSuite" classname="BaseComponent.BaseTest">
    <skipped/>
  </testcase> <!-- AfterSuite -->
  <testcase name="AfterSuite" classname="BaseComponent.BaseTest">
    <skipped/>
  </testcase> <!-- AfterSuite -->
  <testcase name="AfterSuite" classname="BaseComponent.BaseTest">
    <skipped/>
  </testcase> <!-- AfterSuite -->
  <testcase name="AfterSuite" classname="BaseComponent.BaseTest">
    <skipped/>
  </testcase> <!-- AfterSuite -->
  <testcase name="AfterSuite" classname="BaseComponent.BaseTest">
    <skipped/>
  </testcase> <!-- AfterSuite -->
  <testcase name="AfterSuite" classname="BaseComponent.BaseTest">
    <skipped/>
  </testcase> <!-- AfterSuite -->
  <testcase name="AfterSuite" classname="BaseComponent.BaseTest">
    <skipped/>
  </testcase> <!-- AfterSuite -->
  <testcase name="AfterSuite" classname="BaseComponent.BaseTest">
    <skipped/>
  </testcase> <!-- AfterSuite -->
  <testcase name="AfterSuite" classname="BaseComponent.BaseTest">
    <skipped/>
  </testcase> <!-- AfterSuite -->
</testsuite> <!-- StreamingEdgeConsole.Test_VMtwoSensors_SmallerThanGreaterThan -->
