<?xml version="1.0" encoding="UTF-8"?>
<!-- Generated by org.testng.reporters.JUnitReportReporter -->
<testsuite skipped="0" hostname="INLN56593756A" name="EdgeServices.EBFService_ConfigCreationwithBusinessModules_PlantActivation_ConfigDeploytoGateway" tests="3" failures="0" timestamp="10 Aug 2020 05:45:25 GMT" time="1375.038" errors="0">
  <testcase name="AddPlantstoEBFCloudSyncService" time="546.211" classname="EdgeServices.EBFService_ConfigCreationwithBusinessModules_PlantActivation_ConfigDeploytoGateway"/>
  <testcase name="CreateEBFConfigurationwithPlantmaintenceBuisnessModule_DeplyedtoGW" time="488.449" classname="EdgeServices.EBFService_ConfigCreationwithBusinessModules_PlantActivation_ConfigDeploytoGateway"/>
  <testcase name="CreateEBFConfigurationwithFieldsmaintenceBuisnessModule" time="340.378" classname="EdgeServices.EBFService_ConfigCreationwithBusinessModules_PlantActivation_ConfigDeploytoGateway"/>
</testsuite> <!-- EdgeServices.EBFService_ConfigCreationwithBusinessModules_PlantActivation_ConfigDeploytoGateway -->
