<?xml version="1.0" encoding="UTF-8"?>
<!-- Generated by org.testng.reporters.JUnitReportReporter -->
<testsuite skipped="0" hostname="INLN56593756A" name="EdgeServices.RemoveSevices_ReinstallServices_Testcase" tests="1" failures="0" timestamp="19 Aug 2020 08:03:03 GMT" time="1299.752" errors="0">
  <testcase name="Services_Reinstall_Functionailty_Testcase" time="1299.752" classname="EdgeServices.RemoveSevices_ReinstallServices_Testcase"/>
</testsuite> <!-- EdgeServices.RemoveSevices_ReinstallServices_Testcase -->
