<?xml version="1.0" encoding="UTF-8"?>
<!-- Generated by org.testng.reporters.JUnitReportReporter -->
<testsuite name="EdgeServices.CreateCustomoutboundConnectortype" tests="1" time="179.737" ignored="0" failures="0" timestamp="11 Dec 2019 08:38:14 GMT" skipped="0" hostname="INLN56593756A" errors="0">
  <testcase name="CreateCustomoutboundConnectortypeandDeleting" time="179.737" classname="EdgeServices.CreateCustomoutboundConnectortype"/>
</testsuite> <!-- EdgeServices.CreateCustomoutboundConnectortype -->
