<?xml version="1.0" encoding="UTF-8"?>
<!-- Generated by org.testng.reporters.JUnitReportReporter -->
<testsuite skipped="0" hostname="INLN56593756A" name="StreamingService.Test_VM_equality_deviceid" tests="1" failures="0" timestamp="23 Sep 2019 09:16:40 GMT" time="405.848" errors="0">
  <testcase name="TC18_Test_VM_equality_deviceid" time="405.848" classname="StreamingService.Test_VM_equality_deviceid"/>
</testsuite> <!-- StreamingService.Test_VM_equality_deviceid -->
