<?xml version="1.0" encoding="UTF-8"?>
<!-- Generated by org.testng.reporters.JUnitReportReporter -->
<testsuite skipped="0" hostname="INLN56593756A" name="EdgeServices.UserCustomPropertyCreation_AddingUserCustomaPropertytoGateWay_DeleteProperty" tests="1" failures="0" timestamp="02 Jun 2020 09:35:24 GMT" time="113.859" errors="0">
  <testcase name="UserTypeCustomPropertiesCreateUpdateandDeleting" time="113.859" classname="EdgeServices.UserCustomPropertyCreation_AddingUserCustomaPropertytoGateWay_DeleteProperty"/>
</testsuite> <!-- EdgeServices.UserCustomPropertyCreation_AddingUserCustomaPropertytoGateWay_DeleteProperty -->
