<?xml version="1.0" encoding="UTF-8"?>
<!-- Generated by org.testng.reporters.JUnitReportReporter -->
<testsuite skipped="0" hostname="INLN56593756A" name="StreamingEdgeConsole.Test_VM_Tiered_critical_devicetag" tests="1" failures="0" timestamp="29 Jul 2020 10:29:11 GMT" time="432.361" errors="0">
  <testcase name="TC_Test_VM_Tiered_Critical_Devicetag_Flow" time="432.361" classname="StreamingEdgeConsole.Test_VM_Tiered_critical_devicetag"/>
</testsuite> <!-- StreamingEdgeConsole.Test_VM_Tiered_critical_devicetag -->
