<?xml version="1.0" encoding="UTF-8"?>
<!-- Generated by org.testng.reporters.JUnitReportReporter -->
<testsuite name="EdgeServices.IntallEdgeServicestoGateway" tests="1" time="511.740" ignored="0" failures="0" timestamp="08 Apr 2020 11:37:32 GMT" skipped="0" hostname="INLN56593756A" errors="0">
  <testcase name="AddServicestoGateway" time="511.740" classname="EdgeServices.IntallEdgeServicestoGateway"/>
</testsuite> <!-- EdgeServices.IntallEdgeServicestoGateway -->
