<?xml version="1.0" encoding="UTF-8"?>
<!-- Generated by org.testng.reporters.JUnitReportReporter -->
<testsuite skipped="0" hostname="INLN56593756A" name="StreamingService.Test_VM_equality_Tolerance" tests="1" failures="0" timestamp="16 Sep 2019 11:07:07 GMT" time="187.265" errors="0">
  <testcase name="TC17_Test_VM_equality_Tolerance" time="187.265" classname="StreamingService.Test_VM_equality_Tolerance"/>
</testsuite> <!-- StreamingService.Test_VM_equality_Tolerance -->
