<?xml version="1.0" encoding="UTF-8"?>
<!-- Generated by org.testng.reporters.JUnitReportReporter -->
<testsuite name="EdgeServicesTestcases.EBFConfigCreation_EBFConfigDeploytoGateway" tests="2" time="502.198" ignored="0" failures="0" timestamp="06 May 2020 10:52:14 GMT" skipped="0" hostname="INLN56593756A" errors="0">
  <testcase name="CreateEBFConfiguration" time="326.010" classname="EdgeServicesTestcases.EBFConfigCreation_EBFConfigDeploytoGateway"/>
  <testcase name="DeployEBFConfigurationtoGateway" time="176.188" classname="EdgeServicesTestcases.EBFConfigCreation_EBFConfigDeploytoGateway"/>
</testsuite> <!-- EdgeServicesTestcases.EBFConfigCreation_EBFConfigDeploytoGateway -->
