<?xml version="1.0" encoding="UTF-8"?>
<!-- Generated by org.testng.reporters.JUnitReportReporter -->
<testsuite skipped="0" hostname="INLN56593756A" name="StreamingService.Test_VM_tieredcritical_sensorID" tests="1" failures="0" timestamp="02 Sep 2019 06:19:09 GMT" time="310.797" errors="0">
  <testcase name="TC06_Test_VM_Tiered_Critical_SensorID_Flow" time="310.797" classname="StreamingService.Test_VM_tieredcritical_sensorID"/>
</testsuite> <!-- StreamingService.Test_VM_tieredcritical_sensorID -->
