<?xml version="1.0" encoding="UTF-8"?>
<!-- Generated by org.testng.reporters.JUnitReportReporter -->
<testsuite name="EdgeServicesTestcases.GlobalOutboundConnectorCreationUpdationandDelete" tests="3" time="172.770" ignored="0" failures="0" timestamp="06 May 2020 14:02:54 GMT" skipped="0" hostname="INLN56593756A" errors="0">
  <testcase name="CreateOutboundConnector" time="122.406" classname="EdgeServicesTestcases.GlobalOutboundConnectorCreationUpdationandDelete"/>
  <testcase name="Edit_Update_Save_OutboundConnector" time="16.441" classname="EdgeServicesTestcases.GlobalOutboundConnectorCreationUpdationandDelete"/>
  <testcase name="DeleteOutboundConnector" time="33.923" classname="EdgeServicesTestcases.GlobalOutboundConnectorCreationUpdationandDelete"/>
</testsuite> <!-- EdgeServicesTestcases.GlobalOutboundConnectorCreationUpdationandDelete -->
