<?xml version="1.0" encoding="UTF-8"?>
<!-- Generated by org.testng.reporters.JUnitReportReporter -->
<testsuite skipped="0" hostname="INLN56593756A" name="StreamingService.Test_Custom_Over_100" tests="1" failures="0" timestamp="21 Nov 2019 09:04:16 GMT" time="240.509" errors="0">
  <testcase name="TC02_Custom_Over100" time="240.509" classname="StreamingService.Test_Custom_Over_100"/>
</testsuite> <!-- StreamingService.Test_Custom_Over_100 -->
