<?xml version="1.0" encoding="UTF-8"?>
<!-- Generated by org.testng.reporters.JUnitReportReporter -->
<testsuite skipped="0" hostname="INLN56593756A" name="EdgeServices.ClassB" tests="2" failures="0" timestamp="07 May 2020 11:44:33 GMT" time="53.081" errors="0">
  <testcase name="Dtestmethod" time="0.004" classname="EdgeServices.ClassB"/>
  <testcase name="CreateUserTypeCustomPropertiesandDeleting" time="53.077" classname="EdgeServices.ClassB"/>
</testsuite> <!-- EdgeServices.ClassB -->
