<?xml version="1.0" encoding="UTF-8"?>
<!-- Generated by org.testng.reporters.JUnitReportReporter -->
<testsuite name="EdgeServices.GlobalUserCustomPropertyCreation_AddingUserCustomPropertytoGateWay" tests="3" time="586.224" ignored="0" failures="0" timestamp="08 Apr 2020 13:22:33 GMT" skipped="0" hostname="INLN56593756A" errors="0">
  <testcase name="DeleteUserConfigProperty" time="281.628" classname="EdgeServices.GlobalUserCustomPropertyCreation_AddingUserCustomPropertytoGateWay"/>
  <testcase name="CreateUserTypeCustomPropertiesandDeleting" time="156.874" classname="EdgeServices.GlobalUserCustomPropertyCreation_AddingUserCustomPropertytoGateWay"/>
  <testcase name="AddingCustomPropertiestoGatewayandDeployEBFConfiguration" time="147.722" classname="EdgeServices.GlobalUserCustomPropertyCreation_AddingUserCustomPropertytoGateWay"/>
</testsuite> <!-- EdgeServices.GlobalUserCustomPropertyCreation_AddingUserCustomPropertytoGateWay -->
