<?xml version="1.0" encoding="UTF-8"?>
<!-- Generated by org.testng.reporters.JUnitReportReporter -->
<testsuite skipped="0" hostname="INLN56593756A" name="EdgeServices.ClassA" tests="2" failures="0" timestamp="07 May 2020 11:44:33 GMT" time="17.876" errors="0">
  <testcase name="Basetesting" time="0.002" classname="EdgeServices.ClassA"/>
  <testcase name="CreateRuleExtensionType" time="17.874" classname="EdgeServices.ClassA"/>
</testsuite> <!-- EdgeServices.ClassA -->
