<?xml version="1.0" encoding="UTF-8"?>
<!-- Generated by org.testng.reporters.JUnitReportReporter -->
<testsuite skipped="0" hostname="INLN56593756A" name="StreamingService.Test_VMtwoSensors_SmallerThanGreaterThan" tests="1" failures="0" timestamp="02 Sep 2019 06:19:09 GMT" time="379.748" errors="0">
  <testcase name="TC_03_TestVMtwoSensors_SmallerThanGreaterThan_Flow" time="379.748" classname="StreamingService.Test_VMtwoSensors_SmallerThanGreaterThan"/>
</testsuite> <!-- StreamingService.Test_VMtwoSensors_SmallerThanGreaterThan -->
