<?xml version="1.0" encoding="UTF-8"?>
<!-- Generated by org.testng.reporters.JUnitReportReporter -->
<testsuite skipped="0" hostname="INLN56593756A" name="StreamingService.Test_VM_equality" tests="1" failures="0" timestamp="02 Sep 2019 06:19:09 GMT" time="197.283" errors="0">
  <testcase name="TC19_Test_VM_equality" time="197.283" classname="StreamingService.Test_VM_equality"/>
</testsuite> <!-- StreamingService.Test_VM_equality -->
