<?xml version="1.0" encoding="UTF-8"?>
<!-- Generated by org.testng.reporters.JUnitReportReporter -->
<testsuite hostname="W-5CG7353LY6" failures="0" tests="1" name="EdgeServices.CustomServiceCreation_CustomConfigCreation_DeployConfigstoGateway_DeleteServiceandConfig" time="585.922" errors="0" timestamp="2021-03-15T13:23:34 IST" skipped="0">
  <testcase classname="EdgeServices.CustomServiceCreation_CustomConfigCreation_DeployConfigstoGateway_DeleteServiceandConfig" name="CreateCustomServicewithConfigsandDeployed" time="585.922"/>
  <system-out/>
</testsuite> <!-- EdgeServices.CustomServiceCreation_CustomConfigCreation_DeployConfigstoGateway_DeleteServiceandConfig -->
