<?xml version="1.0" encoding="UTF-8"?>
<!-- Generated by org.testng.reporters.JUnitReportReporter -->
<testsuite skipped="0" hostname="INLN56593756A" name="EdgeServices.E2E_Cockpit_EdgeService_EdgeConsole_TestCase" tests="4" failures="0" timestamp="18 Aug 2020 08:23:34 GMT" time="1662.461" errors="0">
  <testcase name="SensorProfilevalidation" time="157.328" classname="EdgeServices.E2E_Cockpit_EdgeService_EdgeConsole_TestCase"/>
  <testcase name="ProjectPublishandDeploymentConfig" time="358.039" classname="EdgeServices.E2E_Cockpit_EdgeService_EdgeConsole_TestCase"/>
  <testcase name="ProjectCreation" time="1138.111" classname="EdgeServices.E2E_Cockpit_EdgeService_EdgeConsole_TestCase"/>
  <testcase name="GetIOTDataRespectiveGatewayID" time="8.983" classname="EdgeServices.E2E_Cockpit_EdgeService_EdgeConsole_TestCase"/>
</testsuite> <!-- EdgeServices.E2E_Cockpit_EdgeService_EdgeConsole_TestCase -->
