<?xml version="1.0" encoding="UTF-8"?>
<!-- Generated by org.testng.reporters.JUnitReportReporter -->
<testsuite name="EdgeServicesTestcases.GlobalRuleExtensionTypeCreationandDelete" tests="2" time="113.579" ignored="4" failures="0" timestamp="04 May 2020 15:29:36 GMT" skipped="1" hostname="INLN56593756A" errors="0">
  <testcase name="CreateRuleExtensionType" time="113.576" classname="EdgeServicesTestcases.GlobalRuleExtensionTypeCreationandDelete"/>
  <testcase name="EditRuleExtensionandDelete" time="0.003" classname="EdgeServicesTestcases.GlobalRuleExtensionTypeCreationandDelete">
    <skipped/>
  </testcase> <!-- EditRuleExtensionandDelete -->
  <testcase name="beforeSuite" classname="BaseComponent.BaseTest">
    <skipped/>
  </testcase> <!-- beforeSuite -->
  <testcase name="beforeSuite" classname="BaseComponent.BaseTest">
    <skipped/>
  </testcase> <!-- beforeSuite -->
  <testcase name="AfterSuite" classname="BaseComponent.BaseTest">
    <skipped/>
  </testcase> <!-- AfterSuite -->
  <testcase name="AfterSuite" classname="BaseComponent.BaseTest">
    <skipped/>
  </testcase> <!-- AfterSuite -->
</testsuite> <!-- EdgeServicesTestcases.GlobalRuleExtensionTypeCreationandDelete -->
