<?xml version="1.0" encoding="UTF-8"?>
<!-- Generated by org.testng.reporters.JUnitReportReporter -->
<testsuite skipped="0" hostname="INLN56593756A" name="CockPit.APIPOSTTEST" tests="1" failures="0" timestamp="27 Jun 2019 11:40:24 GMT" time="165.584" errors="0">
  <testcase name="Create_Capablity_Device_Sensor_SensorType" time="165.584" classname="CockPit.APIPOSTTEST"/>
</testsuite> <!-- CockPit.APIPOSTTEST -->
