<?xml version="1.0" encoding="UTF-8"?>
<!-- Generated by org.testng.reporters.JUnitReportReporter -->
<testsuite skipped="0" hostname="INLN56593756A" name="CockPit.EBFConfigCreation_AddingCustomPropertiestoGW_EBFDeployedtoGW" tests="3" failures="0" timestamp="22 Nov 2019 08:32:10 GMT" time="448.449" errors="0">
  <testcase name="CreateEBFConfiguration" time="107.194" classname="CockPit.EBFConfigCreation_AddingCustomPropertiestoGW_EBFDeployedtoGW"/>
  <testcase name="CreateUserTypeCustomPropertiesandDeleting" time="75.916" classname="CockPit.EBFConfigCreation_AddingCustomPropertiestoGW_EBFDeployedtoGW"/>
  <testcase name="AddingCustomPropertiestoGatewayandDeployEBFConfiguration" time="265.339" classname="CockPit.EBFConfigCreation_AddingCustomPropertiestoGW_EBFDeployedtoGW"/>
</testsuite> <!-- CockPit.EBFConfigCreation_AddingCustomPropertiestoGW_EBFDeployedtoGW -->
