<?xml version="1.0" encoding="UTF-8"?>
<!-- Generated by org.testng.reporters.JUnitReportReporter -->
<testsuite skipped="0" hostname="INLN56593756A" name="StreamingService.Test_timedstate_greatetha0_sensorTag" tests="1" failures="0" timestamp="02 Sep 2019 06:19:09 GMT" time="212.178" errors="0">
  <testcase name="TC21_Test_timedstate_greatetha0_sensorTag" time="212.178" classname="StreamingService.Test_timedstate_greatetha0_sensorTag"/>
</testsuite> <!-- StreamingService.Test_timedstate_greatetha0_sensorTag -->
