<?xml version="1.0" encoding="UTF-8"?>
<!-- Generated by org.testng.reporters.JUnitReportReporter -->
<testsuite name="EdgeServicesTestcases.GlobalRDSCreationAndDelete" tests="4" time="207.188" ignored="0" failures="0" timestamp="06 May 2020 05:26:34 GMT" skipped="0" hostname="INLN56593756A" errors="0">
  <testcase name="CreateRDSwithPostMethod" time="37.610" classname="EdgeServicesTestcases.GlobalRDSCreationAndDelete"/>
  <testcase name="CreateRDSwithGetMethod" time="108.255" classname="EdgeServicesTestcases.GlobalRDSCreationAndDelete"/>
  <testcase name="Copy_Edit_Update_Save_DeleteGetMethodRDS" time="35.468" classname="EdgeServicesTestcases.GlobalRDSCreationAndDelete"/>
  <testcase name="Edit_Update_Save_DeletePostMethodRDS" time="25.855" classname="EdgeServicesTestcases.GlobalRDSCreationAndDelete"/>
</testsuite> <!-- EdgeServicesTestcases.GlobalRDSCreationAndDelete -->
