<?xml version="1.0" encoding="UTF-8"?>
<!-- Generated by org.testng.reporters.JUnitReportReporter -->
<testsuite skipped="0" hostname="INLN56593756A" name="StreamingService.Test_VM_Tiered_critical_devicetag" tests="1" failures="0" timestamp="02 Sep 2019 06:19:09 GMT" time="349.684" errors="0">
  <testcase name="TC07_Test_VM_Tiered_Critical_Devicetag_Flow" time="349.684" classname="StreamingService.Test_VM_Tiered_critical_devicetag"/>
</testsuite> <!-- StreamingService.Test_VM_Tiered_critical_devicetag -->
