<?xml version="1.0" encoding="UTF-8"?>
<!-- Generated by org.testng.reporters.JUnitReportReporter -->
<testsuite hostname="W-5CG7353LY6" failures="0" tests="3" name="EdgeServices.CustomPropertyCreation_AddingUserCustomPropertytoGateWay_EditUpdateDeleteProperty" time="407.087" errors="0" timestamp="2021-03-15T13:23:34 IST" skipped="0">
  <testcase classname="EdgeServices.CustomPropertyCreation_AddingUserCustomPropertytoGateWay_EditUpdateDeleteProperty" name="UserTypeCustomPropertiesCreateUpdateandDeleting" time="135.639"/>
  <system-out/>
  <testcase classname="EdgeServices.CustomPropertyCreation_AddingUserCustomPropertytoGateWay_EditUpdateDeleteProperty" name="RemovepropertyfromgatewayandDeleteUserConfigProperty" time="230.296"/>
  <system-out/>
  <testcase classname="EdgeServices.CustomPropertyCreation_AddingUserCustomPropertytoGateWay_EditUpdateDeleteProperty" name="AddingCustomPropertiestoGateway" time="41.152"/>
  <system-out/>
</testsuite> <!-- EdgeServices.CustomPropertyCreation_AddingUserCustomPropertytoGateWay_EditUpdateDeleteProperty -->
