<?xml version="1.0" encoding="UTF-8"?>
<!-- Generated by org.testng.reporters.JUnitReportReporter -->
<testsuite hostname="W-5CG7353LY6" failures="0" tests="3" name="EdgeServices.EBFServiceConfigCreationwithFSMandPSM_PlantActivation_ConfigDeploytoGatewaywithPlantID" time="1004.599" errors="0" timestamp="2021-03-15T13:23:34 IST" skipped="0">
  <testcase classname="EdgeServices.EBFServiceConfigCreationwithFSMandPSM_PlantActivation_ConfigDeploytoGatewaywithPlantID" name="CreateEBFConfigurationwithPlantmaintenceBuisnessModule_DeplyedtoGW" time="616.322"/>
  <system-out/>
  <testcase classname="EdgeServices.EBFServiceConfigCreationwithFSMandPSM_PlantActivation_ConfigDeploytoGatewaywithPlantID" name="AddPlantstoEBFCloudSyncService" time="22.472"/>
  <system-out/>
  <testcase classname="EdgeServices.EBFServiceConfigCreationwithFSMandPSM_PlantActivation_ConfigDeploytoGatewaywithPlantID" name="CreateEBFConfigurationwithFieldsmaintenceBuisnessModule" time="365.805"/>
  <system-out/>
</testsuite> <!-- EdgeServices.EBFServiceConfigCreationwithFSMandPSM_PlantActivation_ConfigDeploytoGatewaywithPlantID -->
