<?xml version="1.0" encoding="UTF-8"?>
<!-- Generated by org.testng.reporters.JUnitReportReporter -->
<testsuite skipped="0" hostname="INLN56593756A" name="CockPit.CreateCustomoutboundConnectortype" tests="1" failures="0" timestamp="22 Nov 2019 08:43:24 GMT" time="209.252" errors="0">
  <testcase name="CreateCustomoutboundConnectortypeandDeleting" time="209.252" classname="CockPit.CreateCustomoutboundConnectortype"/>
</testsuite> <!-- CockPit.CreateCustomoutboundConnectortype -->
