<?xml version="1.0" encoding="UTF-8"?>
<!-- Generated by org.testng.reporters.JUnitReportReporter -->
<testsuite name="PolicyService.CreateGroup_AddingGateway_AddingServices_DeployConfigs" tests="1" time="1901.703" ignored="0" failures="0" timestamp="04 Dec 2019 09:35:12 GMT" skipped="0" hostname="INLN56593756A" errors="0">
  <testcase name="PolicyserviceTestcase1" time="1901.703" classname="PolicyService.CreateGroup_AddingGateway_AddingServices_DeployConfigs"/>
</testsuite> <!-- PolicyService.CreateGroup_AddingGateway_AddingServices_DeployConfigs -->
