<?xml version="1.0" encoding="UTF-8"?>
<!-- Generated by org.testng.reporters.JUnitReportReporter -->
<testsuite name="EdgeServices.SDSOutBoundConnectorAddingtoProject_PublishedProjectandVerifiedOutboundConnectortoStreamingLocalHost" tests="1" time="482.160" ignored="0" failures="0" timestamp="12 Feb 2020 11:16:10 GMT" skipped="0" hostname="INLN56593756A" errors="0">
  <testcase name="SDSEnterprisePluginFlow" time="482.160" classname="EdgeServices.SDSOutBoundConnectorAddingtoProject_PublishedProjectandVerifiedOutboundConnectortoStreamingLocalHost"/>
</testsuite> <!-- EdgeServices.SDSOutBoundConnectorAddingtoProject_PublishedProjectandVerifiedOutboundConnectortoStreamingLocalHost -->
