<?xml version="1.0" encoding="UTF-8"?>
<!-- Generated by org.testng.reporters.JUnitReportReporter -->
<testsuite skipped="0" hostname="INLN56593756A" name="StreamingService.Test_VM_smallerthan" tests="1" failures="0" timestamp="05 Nov 2019 10:10:53 GMT" time="223.000" errors="0">
  <testcase name="TC11_Test_VM_smallerthan" time="223.000" classname="StreamingService.Test_VM_smallerthan"/>
</testsuite> <!-- StreamingService.Test_VM_smallerthan -->
