<?xml version="1.0" encoding="UTF-8"?>
<!-- Generated by org.testng.reporters.JUnitReportReporter -->
<testsuite skipped="0" hostname="INLN56593756A" name="CockPit.Cockpit_Testcases" tests="1" failures="0" timestamp="30 May 2019 06:47:43 GMT" time="1261.698" errors="0">
  <testcase name="TC01_Cockpit_Flow" time="1261.698" classname="CockPit.Cockpit_Testcases"/>
</testsuite> <!-- CockPit.Cockpit_Testcases -->
