<?xml version="1.0" encoding="UTF-8"?>
<!-- Generated by org.testng.reporters.JUnitReportReporter -->
<testsuite skipped="0" hostname="INLN56593756A" name="PolicyService.AzureTestCase" tests="1" failures="0" timestamp="06 Jun 2019 08:50:02 GMT" time="556.545" errors="0">
  <testcase name="AzureTestCase_Flow" time="556.545" classname="PolicyService.AzureTestCase"/>
</testsuite> <!-- PolicyService.AzureTestCase -->
