<?xml version="1.0" encoding="UTF-8"?>
<!-- Generated by org.testng.reporters.JUnitReportReporter -->
<testsuite skipped="0" hostname="INLN56593756A" name="PolicyService.Edgedesigner" tests="1" failures="0" timestamp="16 Apr 2019 10:40:15 GMT" time="1506.747" errors="0">
  <testcase name="EdgeDesigner_Testcase" time="1506.747" classname="PolicyService.Edgedesigner"/>
</testsuite> <!-- PolicyService.Edgedesigner -->
