<?xml version="1.0" encoding="UTF-8"?>
<!-- Generated by org.testng.reporters.JUnitReportReporter -->
<testsuite hostname="W-5CG7353LY6" failures="0" tests="1" name="EdgeServices.GlobalOutboundConnectorCreationUpdationandDelete" time="235.029" errors="0" timestamp="2021-03-15T13:19:07 IST" skipped="0">
  <testcase classname="EdgeServices.GlobalOutboundConnectorCreationUpdationandDelete" name="CreateOutboundConnectorEditUpdateDelete" time="235.029"/>
  <system-out/>
</testsuite> <!-- EdgeServices.GlobalOutboundConnectorCreationUpdationandDelete -->
