<?xml version="1.0" encoding="UTF-8"?>
<!-- Generated by org.testng.reporters.JUnitReportReporter -->
<testsuite hostname="W-5CG7353LY6" failures="0" tests="1" name="EdgeServices.CreateGroup_AddingGateway_AddingServices_CombineStreamingConfigs_DeployConfigs" time="680.107" errors="0" timestamp="2021-03-15T13:23:34 IST" skipped="0">
  <testcase classname="EdgeServices.CreateGroup_AddingGateway_AddingServices_CombineStreamingConfigs_DeployConfigs" name="PolicyServiceGroupandGatewayfunctionality" time="680.107"/>
  <system-out/>
</testsuite> <!-- EdgeServices.CreateGroup_AddingGateway_AddingServices_CombineStreamingConfigs_DeployConfigs -->
