<?xml version="1.0" encoding="UTF-8"?>
<!-- Generated by org.testng.reporters.JUnitReportReporter -->
<testsuite skipped="0" hostname="INLN56593756A" name="StreamingService.TC_Test_VM_tiered_warning" tests="1" failures="0" timestamp="07 Feb 2019 06:17:40 GMT" time="287.075" errors="0">
  <testcase name="TC04_Test_VM_tiered_warning_Flow" time="287.075" classname="StreamingService.TC_Test_VM_tiered_warning"/>
</testsuite> <!-- StreamingService.TC_Test_VM_tiered_warning -->
