<?xml version="1.0" encoding="UTF-8"?>
<!-- Generated by org.testng.reporters.JUnitReportReporter -->
<testsuite hostname="W-5CG7353LY6" failures="0" tests="3" name="EdgeServices.EBFServiceConfigCreationwithFSMandPSM_PlantActivation_ConfigDeploytoGatewaywithPlantID" time="994.722" errors="0" timestamp="2021-02-11T12:29:55 IST" skipped="0">
  <testcase classname="EdgeServices.EBFServiceConfigCreationwithFSMandPSM_PlantActivation_ConfigDeploytoGatewaywithPlantID" name="CreateEBFConfigurationwithPlantmaintenceBuisnessModule_DeplyedtoGW" time="598.400"/>
  <system-out/>
  <testcase classname="EdgeServices.EBFServiceConfigCreationwithFSMandPSM_PlantActivation_ConfigDeploytoGatewaywithPlantID" name="CreateEBFConfigurationwithFieldsmaintenceBuisnessModule" time="374.365"/>
  <system-out/>
  <testcase classname="EdgeServices.EBFServiceConfigCreationwithFSMandPSM_PlantActivation_ConfigDeploytoGatewaywithPlantID" name="AddPlantstoEBFCloudSyncService" time="21.957"/>
  <system-out/>
</testsuite> <!-- EdgeServices.EBFServiceConfigCreationwithFSMandPSM_PlantActivation_ConfigDeploytoGatewaywithPlantID -->
