<?xml version="1.0" encoding="UTF-8"?>
<!-- Generated by org.testng.reporters.JUnitReportReporter -->
<testsuite skipped="0" hostname="INLN56593756A" name="StreamingService.database" tests="1" failures="0" timestamp="29 Jan 2019 12:17:12 GMT" time="37.962" errors="0">
  <testcase name="sampletestcase" time="37.962" classname="StreamingService.database"/>
</testsuite> <!-- StreamingService.database -->
