<?xml version="1.0" encoding="UTF-8"?>
<!-- Generated by org.testng.reporters.JUnitReportReporter -->
<testsuite hostname="W-5CG7353LY6" failures="0" tests="4" name="EdgeServices.GlobalRDSCreationAndDelete" time="308.986" errors="0" timestamp="2021-02-01T13:02:13 IST" skipped="0">
  <testcase classname="EdgeServices.GlobalRDSCreationAndDelete" name="CreateRDSwithPostMethod" time="78.290"/>
  <system-out/>
  <testcase classname="EdgeServices.GlobalRDSCreationAndDelete" name="Copy_Edit_Update_Save_DeleteGetMethodRDS" time="39.097"/>
  <system-out/>
  <testcase classname="EdgeServices.GlobalRDSCreationAndDelete" name="CreateRDSwithGetMethod" time="161.810"/>
  <system-out/>
  <testcase classname="EdgeServices.GlobalRDSCreationAndDelete" name="Edit_Update_Save_DeletePostMethodRDS" time="29.789"/>
  <system-out/>
</testsuite> <!-- EdgeServices.GlobalRDSCreationAndDelete -->
