<?xml version="1.0" encoding="UTF-8"?>
<!-- Generated by org.testng.reporters.JUnitReportReporter -->
<testsuite skipped="0" hostname="INLN56593756A" name="StreamingService.Test_CreateSensorProfilewithActiontypeFieldmessageandRuletypeValuemonitoring" tests="1" failures="0" timestamp="08 May 2019 07:35:16 GMT" time="183.718" errors="0">
  <testcase name="TC01_CreateSensorProfilewith_ActiontypeFieldmessageand_RuletypeValuemonitoring_Flow" time="183.718" classname="StreamingService.Test_CreateSensorProfilewithActiontypeFieldmessageandRuletypeValuemonitoring"/>
</testsuite> <!-- StreamingService.Test_CreateSensorProfilewithActiontypeFieldmessageandRuletypeValuemonitoring -->
