<?xml version="1.0" encoding="UTF-8"?>
<!-- Generated by org.testng.reporters.JUnitReportReporter -->
<testsuite name="EdgeServices.GlobalCustomOutBoundConnectortypeCreationandDelete" tests="1" time="170.939" ignored="0" failures="0" timestamp="26 Feb 2020 11:06:09 GMT" skipped="0" hostname="INLN56593756A" errors="0">
  <testcase name="CreateCustomoutboundConnectortypeandDeleting" time="170.939" classname="EdgeServices.GlobalCustomOutBoundConnectortypeCreationandDelete"/>
</testsuite> <!-- EdgeServices.GlobalCustomOutBoundConnectortypeCreationandDelete -->
