<?xml version="1.0" encoding="UTF-8"?>
<!-- Generated by org.testng.reporters.JUnitReportReporter -->
<testsuite skipped="0" hostname="INLN34327658A" name="StreamingService.StreamingDataBase" tests="1" failures="0" timestamp="26 Feb 2019 15:41:07 GMT" time="6.692" errors="0">
  <testcase name="sampletestcase" time="6.692" classname="StreamingService.StreamingDataBase"/>
</testsuite> <!-- StreamingService.StreamingDataBase -->
