<?xml version="1.0" encoding="UTF-8"?>
<!-- Generated by org.testng.reporters.JUnitReportReporter -->
<testsuite skipped="0" hostname="INLN56593756A" name="StreamingService.Test_VM_Smallerthan_Deviceid" tests="1" failures="0" timestamp="02 Sep 2019 06:19:09 GMT" time="198.660" errors="0">
  <testcase name="TC10_Test_VM_smallerthan_Deviceid" time="198.660" classname="StreamingService.Test_VM_Smallerthan_Deviceid"/>
</testsuite> <!-- StreamingService.Test_VM_Smallerthan_Deviceid -->
