<?xml version="1.0" encoding="UTF-8"?>
<!-- Generated by org.testng.reporters.JUnitReportReporter -->
<testsuite name="CockPit.E2E_Edge_TestCases" tests="4" time="1275.319" ignored="0" failures="0" timestamp="04 Dec 2019 07:15:48 GMT" skipped="0" hostname="INLN56593756A" errors="0">
  <testcase name="ProjectCreation" time="582.933" classname="CockPit.E2E_Edge_TestCases"/>
  <testcase name="SensorProfilevalidation" time="147.085" classname="CockPit.E2E_Edge_TestCases"/>
  <testcase name="ProjectPublishandDeploymentConfig" time="537.114" classname="CockPit.E2E_Edge_TestCases"/>
  <testcase name="CreateDevicewithgatewayID" time="8.187" classname="CockPit.E2E_Edge_TestCases"/>
</testsuite> <!-- CockPit.E2E_Edge_TestCases -->
