<?xml version="1.0" encoding="UTF-8"?>
<!-- Generated by org.testng.reporters.JUnitReportReporter -->
<testsuite skipped="0" hostname="INLN56593756A" name="StreamingService.Test_VM_Tiered_Critical_DeviceID_Flow" tests="1" failures="0" timestamp="08 May 2019 07:35:16 GMT" time="363.612" errors="0">
  <testcase name="TC08_Test_VM_Tiered_Critical_DeviceID_Flow" time="363.612" classname="StreamingService.Test_VM_Tiered_Critical_DeviceID_Flow"/>
</testsuite> <!-- StreamingService.Test_VM_Tiered_Critical_DeviceID_Flow -->
