<?xml version="1.0" encoding="UTF-8"?>
<!-- Generated by org.testng.reporters.JUnitReportReporter -->
<testsuite skipped="0" hostname="INLN56593756A" name="StreamingService.EdgeServicesFlow" tests="1" failures="0" timestamp="05 Feb 2019 04:40:15 GMT" time="695.937" errors="0">
  <testcase name="EdgeServiceEndtoEndFlow" time="695.937" classname="StreamingService.EdgeServicesFlow"/>
</testsuite> <!-- StreamingService.EdgeServicesFlow -->
