<?xml version="1.0" encoding="UTF-8"?>
<!-- Generated by org.testng.reporters.JUnitReportReporter -->
<testsuite name="EdgeServices.CreateGroup_AddingGateway_AddingServices_DeployConfigs" tests="1" time="721.415" ignored="0" failures="0" timestamp="16 Apr 2020 10:19:13 GMT" skipped="0" hostname="INLN56593756A" errors="0">
  <testcase name="PolicyserviceTestcase1" time="721.415" classname="EdgeServices.CreateGroup_AddingGateway_AddingServices_DeployConfigs"/>
</testsuite> <!-- EdgeServices.CreateGroup_AddingGateway_AddingServices_DeployConfigs -->
