<?xml version="1.0" encoding="UTF-8"?>
<!-- Generated by org.testng.reporters.JUnitReportReporter -->
<testsuite skipped="0" hostname="INLN56593756A" name="StreamingService.TC_03_TestVMtwoSensors_SmallerThanGreaterThan" tests="1" failures="0" timestamp="07 Feb 2019 06:12:41 GMT" time="288.260" errors="0">
  <testcase name="TC_03_TestVMtwoSensors_SmallerThanGreaterThan_Flow" time="288.260" classname="StreamingService.TC_03_TestVMtwoSensors_SmallerThanGreaterThan"/>
</testsuite> <!-- StreamingService.TC_03_TestVMtwoSensors_SmallerThanGreaterThan -->
