<?xml version="1.0" encoding="UTF-8"?>
<!-- Generated by org.testng.reporters.JUnitReportReporter -->
<testsuite skipped="0" hostname="INLN56593756A" name="PolicyService.FSM" tests="1" failures="0" timestamp="09 Apr 2019 11:27:53 GMT" time="1097.250" errors="0">
  <testcase name="FSM_TestCase_flow" time="1097.250" classname="PolicyService.FSM"/>
</testsuite> <!-- PolicyService.FSM -->
