<?xml version="1.0" encoding="UTF-8"?>
<!-- Generated by org.testng.reporters.JUnitReportReporter -->
<testsuite skipped="0" hostname="INLN56593756A" name="StreamingService.Test_VM_smallerthan" tests="1" failures="0" timestamp="08 May 2019 07:35:16 GMT" time="231.084" errors="0">
  <testcase name="TC11_Test_VM_smallerthan" time="231.084" classname="StreamingService.Test_VM_smallerthan"/>
</testsuite> <!-- StreamingService.Test_VM_smallerthan -->
