<?xml version="1.0" encoding="UTF-8"?>
<!-- Generated by org.testng.reporters.JUnitReportReporter -->
<testsuite skipped="0" hostname="INLN56593756A" name="StreamingService.TC_Test_VM_Tiered_Critical_SensorTag" tests="1" failures="0" timestamp="07 Feb 2019 06:25:47 GMT" time="245.282" errors="0">
  <testcase name="TC05_Test_VM_Tiered_Critical_SensorTag_Flow" time="245.282" classname="StreamingService.TC_Test_VM_Tiered_Critical_SensorTag"/>
</testsuite> <!-- StreamingService.TC_Test_VM_Tiered_Critical_SensorTag -->
