<?xml version="1.0" encoding="UTF-8"?>
<!-- Generated by org.testng.reporters.JUnitReportReporter -->
<testsuite skipped="0" hostname="INLN56593756A" name="POC_Test.JenkinsTestAmazon" tests="1" failures="0" timestamp="30 Aug 2019 09:06:24 GMT" time="0.002" errors="0">
  <testcase name="AmazonTest_flow" time="0.002" classname="POC_Test.JenkinsTestAmazon"/>
</testsuite> <!-- POC_Test.JenkinsTestAmazon -->
