<?xml version="1.0" encoding="UTF-8"?>
<!-- Generated by org.testng.reporters.JUnitReportReporter -->
<testsuite skipped="0" hostname="INLN56593756A" name="PolicyService.persistencedatabase" tests="1" failures="0" timestamp="15 Mar 2019 07:58:51 GMT" time="240.035" errors="0">
  <testcase name="GetDatafromPersistenceDataBase" time="240.035" classname="PolicyService.persistencedatabase"/>
</testsuite> <!-- PolicyService.persistencedatabase -->
