<?xml version="1.0" encoding="UTF-8"?>
<!-- Generated by org.testng.reporters.JUnitReportReporter -->
<testsuite skipped="0" hostname="INLN56593756A" name="StreamingService.Test_Valuemonitoring_deviceid" tests="1" failures="0" timestamp="23 Sep 2019 09:21:06 GMT" time="224.592" errors="0">
  <testcase name="TC20_Test_Valuemonitoring_deviceid" time="224.592" classname="StreamingService.Test_Valuemonitoring_deviceid"/>
</testsuite> <!-- StreamingService.Test_Valuemonitoring_deviceid -->
