<?xml version="1.0" encoding="UTF-8"?>
<!-- Generated by org.testng.reporters.JUnitReportReporter -->
<testsuite name="POC_Test.persistencedatabase" tests="1" time="0.876" ignored="0" failures="0" timestamp="10 Jan 2020 08:21:32 GMT" skipped="0" hostname="INLN56593756A" errors="0">
  <testcase name="GetDatafromPersistenceDataBase" time="0.876" classname="POC_Test.persistencedatabase"/>
</testsuite> <!-- POC_Test.persistencedatabase -->
