<?xml version="1.0" encoding="UTF-8"?>
<!-- Generated by org.testng.reporters.JUnitReportReporter -->
<testsuite skipped="0" hostname="BLRUNNFWN31889" name="amazon.test.TestCases" tests="1" failures="0" timestamp="12 Dec 2018 17:57:04 GMT" time="21.405" errors="0">
  <testcase name="validateLogin" time="21.405" classname="amazon.test.TestCases"/>
</testsuite> <!-- amazon.test.TestCases -->
