<?xml version="1.0" encoding="UTF-8"?>
<!-- Generated by org.testng.reporters.JUnitReportReporter -->
<testsuite skipped="0" hostname="INLN56593756A" name="StreamingService.Test_Valuemonitoring_deviceid" tests="1" failures="0" timestamp="08 May 2019 07:35:16 GMT" time="237.103" errors="0">
  <testcase name="TC20_Test_Valuemonitoring_deviceid" time="237.103" classname="StreamingService.Test_Valuemonitoring_deviceid"/>
</testsuite> <!-- StreamingService.Test_Valuemonitoring_deviceid -->
