<?xml version="1.0" encoding="UTF-8"?>
<!-- Generated by org.testng.reporters.JUnitReportReporter -->
<testsuite hostname="INLN56593756A" failures="0" tests="1" name="EdgeServices.GlobalOutboundConnectorCreationUpdationandDelete" time="258.709" errors="0" timestamp="2021-01-04T15:49:31 IST" skipped="0">
  <testcase classname="EdgeServices.GlobalOutboundConnectorCreationUpdationandDelete" name="CreateOutboundConnectorEditUpdateDelete" time="258.709"/>
  <system-out/>
</testsuite> <!-- EdgeServices.GlobalOutboundConnectorCreationUpdationandDelete -->
