<?xml version="1.0" encoding="UTF-8"?>
<!-- Generated by org.testng.reporters.JUnitReportReporter -->
<testsuite skipped="0" hostname="INLN56593756A" name="CockPit.PersistenceService" tests="1" failures="0" timestamp="18 Mar 2019 08:53:45 GMT" time="1524.061" errors="0">
  <testcase name="PersistenceService_DataRetension_flow" time="1524.061" classname="CockPit.PersistenceService"/>
</testsuite> <!-- CockPit.PersistenceService -->
