<?xml version="1.0" encoding="UTF-8"?>
<!-- Generated by org.testng.reporters.JUnitReportReporter -->
<testsuite skipped="0" hostname="INLN56593756A" name="StreamingService.Test_VM_Tiered_critical_devicetag" tests="1" failures="0" timestamp="08 May 2019 07:35:16 GMT" time="414.940" errors="0">
  <testcase name="TC07_Test_VM_Tiered_Critical_Devicetag_Flow" time="414.940" classname="StreamingService.Test_VM_Tiered_critical_devicetag"/>
</testsuite> <!-- StreamingService.Test_VM_Tiered_critical_devicetag -->
