<?xml version="1.0" encoding="UTF-8"?>
<!-- Generated by org.testng.reporters.JUnitReportReporter -->
<testsuite skipped="0" hostname="INLN56593756A" name="POC_TestCases.ClassA" tests="2" failures="0" timestamp="29 Jul 2020 05:14:18 GMT" time="737.727" errors="0">
  <testcase name="AddPlantstoEBFCloudSyncService" time="90.018" classname="POC_TestCases.ClassA"/>
  <testcase name="CreateEBFConfigurationwithPlantmaintenceBuisnessModule_DeplyedtoGW" time="647.709" classname="POC_TestCases.ClassA"/>
</testsuite> <!-- POC_TestCases.ClassA -->
