<?xml version="1.0" encoding="UTF-8"?>
<!-- Generated by org.testng.reporters.JUnitReportReporter -->
<testsuite hostname="W-5CG7353LY6" failures="0" tests="1" name="EdgeServices.CustomServiceCreation_CustomConfigCreation_DeployConfigstoGateway_DeleteServiceandConfig" time="777.197" errors="0" timestamp="2021-02-11T12:29:55 IST" skipped="0">
  <testcase classname="EdgeServices.CustomServiceCreation_CustomConfigCreation_DeployConfigstoGateway_DeleteServiceandConfig" name="CreateCustomServicewithConfigsandDeployed" time="777.197"/>
  <system-out/>
</testsuite> <!-- EdgeServices.CustomServiceCreation_CustomConfigCreation_DeployConfigstoGateway_DeleteServiceandConfig -->
