<?xml version="1.0" encoding="UTF-8"?>
<!-- Generated by org.testng.reporters.JUnitReportReporter -->
<testsuite skipped="0" hostname="INLN56593756A" name="StreamingService.Test_timedstate_greatetha0_sensorTag" tests="1" failures="0" timestamp="24 May 2019 08:56:11 GMT" time="245.348" errors="0">
  <testcase name="TC21_Test_timedstate_greatetha0_sensorTag" time="245.348" classname="StreamingService.Test_timedstate_greatetha0_sensorTag"/>
</testsuite> <!-- StreamingService.Test_timedstate_greatetha0_sensorTag -->
