<?xml version="1.0" encoding="UTF-8"?>
<!-- Generated by org.testng.reporters.JUnitReportReporter -->
<testsuite hostname="W-5CG7353LY6" failures="0" tests="1" name="EdgeServices.RemoveCoreSevicesfromGateway_ReinstallCoreServicestoGateway" time="2411.572" errors="0" timestamp="2021-02-11T12:29:55 IST" skipped="0">
  <testcase classname="EdgeServices.RemoveCoreSevicesfromGateway_ReinstallCoreServicestoGateway" name="Services_Reinstall_Functionailty_Testcase" time="2411.572"/>
  <system-out/>
</testsuite> <!-- EdgeServices.RemoveCoreSevicesfromGateway_ReinstallCoreServicestoGateway -->
