<?xml version="1.0" encoding="UTF-8"?>
<!-- Generated by org.testng.reporters.JUnitReportReporter -->
<testsuite name="EdgeServices.RestrictPassword_UIMasking" tests="1" time="528.633" ignored="0" failures="0" timestamp="23 Dec 2019 05:42:29 GMT" skipped="0" hostname="INLN56593756A" errors="0">
  <testcase name="RestrictPassword_UIMasking_Testcase" time="528.633" classname="EdgeServices.RestrictPassword_UIMasking"/>
</testsuite> <!-- EdgeServices.RestrictPassword_UIMasking -->
