<?xml version="1.0" encoding="UTF-8"?>
<!-- Generated by org.testng.reporters.JUnitReportReporter -->
<testsuite skipped="0" hostname="INLN56593756A" name="PolicyService.FSM_Flow" tests="1" failures="0" timestamp="04 Jun 2019 06:28:19 GMT" time="742.805" errors="0">
  <testcase name="FSM_TestCase_flow" time="742.805" classname="PolicyService.FSM_Flow"/>
</testsuite> <!-- PolicyService.FSM_Flow -->
