<?xml version="1.0" encoding="UTF-8"?>
<!-- Generated by org.testng.reporters.JUnitReportReporter -->
<testsuite hostname="W-5CG7353LY6" failures="0" tests="4" name="EdgeServices.GlobalRDSCreationAndDelete" time="295.686" errors="0" timestamp="2021-03-15T13:19:07 IST" skipped="0">
  <testcase classname="EdgeServices.GlobalRDSCreationAndDelete" name="CreateRDSwithPostMethod" time="78.890"/>
  <system-out/>
  <testcase classname="EdgeServices.GlobalRDSCreationAndDelete" name="Copy_Edit_Update_Save_DeleteGetMethodRDS" time="39.352"/>
  <system-out/>
  <testcase classname="EdgeServices.GlobalRDSCreationAndDelete" name="CreateRDSwithGetMethod" time="147.604"/>
  <system-out/>
  <testcase classname="EdgeServices.GlobalRDSCreationAndDelete" name="Edit_Update_Save_DeletePostMethodRDS" time="29.840"/>
  <system-out/>
</testsuite> <!-- EdgeServices.GlobalRDSCreationAndDelete -->
