<?xml version="1.0" encoding="UTF-8"?>
<!-- Generated by org.testng.reporters.JUnitReportReporter -->
<testsuite name="EdgeServicesTestcases.SettingIOTInstancewithEdgeConsolePassword_InstallCoreServicestoGateway" tests="2" time="220.239" ignored="0" failures="0" timestamp="06 May 2020 05:54:26 GMT" skipped="0" hostname="INLN56593756A" errors="0">
  <testcase name="SetEdgeConsolePasswordandAddCoreServicestoGateway" time="144.821" classname="EdgeServicesTestcases.SettingIOTInstancewithEdgeConsolePassword_InstallCoreServicestoGateway"/>
  <testcase name="SetEdgeIOTServicePlatform" time="75.418" classname="EdgeServicesTestcases.SettingIOTInstancewithEdgeConsolePassword_InstallCoreServicestoGateway"/>
</testsuite> <!-- EdgeServicesTestcases.SettingIOTInstancewithEdgeConsolePassword_InstallCoreServicestoGateway -->
