<?xml version="1.0" encoding="UTF-8"?>
<!-- Generated by org.testng.reporters.JUnitReportReporter -->
<testsuite skipped="0" hostname="INLN56593756A" name="StreamingService.Test_VM_equality" tests="1" failures="0" timestamp="08 May 2019 07:35:16 GMT" time="234.385" errors="0">
  <testcase name="TC19_Test_VM_equality" time="234.385" classname="StreamingService.Test_VM_equality"/>
</testsuite> <!-- StreamingService.Test_VM_equality -->
