<?xml version="1.0" encoding="UTF-8"?>
<!-- Generated by org.testng.reporters.JUnitReportReporter -->
<testsuite hostname="W-5CG7353LY6" failures="0" tests="1" name="EdgeServices.SettingIOTInstance_SetEdgeConsolePasswordandBackendtimeZonePropertytoGatewaylevel_InstallCoreServicestoGateway" time="2310.375" errors="0" timestamp="2021-03-15T13:23:34 IST" skipped="0">
  <testcase classname="EdgeServices.SettingIOTInstance_SetEdgeConsolePasswordandBackendtimeZonePropertytoGatewaylevel_InstallCoreServicestoGateway" name="SetEdgeIOTServicePlatform_SetEdgeConsolePasswordandAddCoreServicestoGateway" time="2310.375"/>
  <system-out/>
</testsuite> <!-- EdgeServices.SettingIOTInstance_SetEdgeConsolePasswordandBackendtimeZonePropertytoGatewaylevel_InstallCoreServicestoGateway -->
