<?xml version="1.0" encoding="UTF-8"?>
<!-- Generated by org.testng.reporters.JUnitReportReporter -->
<testsuite hostname="W-5CG7353LY6" failures="0" tests="4" name="EdgeServices.E2E_Cockpit_EdgeProject_StreamingConfigDeploy_StreamingEdgeConsolevalidation" time="2391.447" errors="1" timestamp="2021-02-05T14:46:31 IST" skipped="1">
  <testcase classname="EdgeServices.E2E_Cockpit_EdgeProject_StreamingConfigDeploy_StreamingEdgeConsolevalidation" name="ProjectPublishandDeploymentConfig" time="694.656">
    <error message="Cannot invoke &quot;UtilityComponent.FunctionalComponents.getScreenshot()&quot; because &quot;this.functionalcomponents&quot; is null" type="java.lang.NullPointerException">
      <![CDATA[java.lang.NullPointerException: Cannot invoke "UtilityComponent.FunctionalComponents.getScreenshot()" because "this.functionalcomponents" is null
at BaseComponent.BaseTest.failedDescription(BaseTest.java:111)
at EdgeServiceComponents.EdgeServiceFunctions.StreamingConfigDeploymenttoGateway(EdgeServiceFunctions.java:142)
at EdgeServices.E2E_Cockpit_EdgeProject_StreamingConfigDeploy_StreamingEdgeConsolevalidation.ProjectPublishandDeploymentConfig(E2E_Cockpit_EdgeProject_StreamingConfigDeploy_StreamingEdgeConsolevalidation.java:1761)
at java.base/jdk.internal.reflect.NativeMethodAccessorImpl.invoke0(Native Method)
at java.base/jdk.internal.reflect.NativeMethodAccessorImpl.invoke(NativeMethodAccessorImpl.java:64)
at java.base/jdk.internal.reflect.DelegatingMethodAccessorImpl.invoke(DelegatingMethodAccessorImpl.java:43)
at java.base/java.lang.reflect.Method.invoke(Method.java:564)
at org.testng.internal.MethodInvocationHelper.invokeMethod(MethodInvocationHelper.java:132)
at org.testng.internal.TestInvoker.invokeMethod(TestInvoker.java:599)
at org.testng.internal.TestInvoker.invokeTestMethod(TestInvoker.java:174)
at org.testng.internal.MethodRunner.runInSequence(MethodRunner.java:46)
at org.testng.internal.TestInvoker$MethodInvocationAgent.invoke(TestInvoker.java:822)
at org.testng.internal.TestInvoker.invokeTestMethods(TestInvoker.java:147)
at org.testng.internal.TestMethodWorker.invokeTestMethods(TestMethodWorker.java:146)
at org.testng.internal.TestMethodWorker.run(TestMethodWorker.java:128)
at java.base/java.util.ArrayList.forEach(ArrayList.java:1511)
at org.testng.TestRunner.privateRun(TestRunner.java:764)
at org.testng.TestRunner.run(TestRunner.java:585)
at org.testng.SuiteRunner.runTest(SuiteRunner.java:384)
at org.testng.SuiteRunner.runSequentially(SuiteRunner.java:378)
at org.testng.SuiteRunner.privateRun(SuiteRunner.java:337)
at org.testng.SuiteRunner.run(SuiteRunner.java:286)
at org.testng.SuiteRunnerWorker.runSuite(SuiteRunnerWorker.java:53)
at org.testng.SuiteRunnerWorker.run(SuiteRunnerWorker.java:96)
at org.testng.TestNG.runSuitesSequentially(TestNG.java:1218)
at org.testng.TestNG.runSuitesLocally(TestNG.java:1140)
at org.testng.TestNG.runSuites(TestNG.java:1069)
at org.testng.TestNG.run(TestNG.java:1037)
at org.testng.remote.AbstractRemoteTestNG.run(AbstractRemoteTestNG.java:115)
at org.testng.remote.RemoteTestNG.initAndRun(RemoteTestNG.java:251)
at org.testng.remote.RemoteTestNG.main(RemoteTestNG.java:77)
]]>
    </error>
  </testcase> <!-- ProjectPublishandDeploymentConfig -->
  <system-out/>
  <testcase classname="EdgeServices.E2E_Cockpit_EdgeProject_StreamingConfigDeploy_StreamingEdgeConsolevalidation" name="SensorProfilevalidation" time="0.719">
    <skipped/>
  </testcase> <!-- SensorProfilevalidation -->
  <system-out/>
  <testcase classname="EdgeServices.E2E_Cockpit_EdgeProject_StreamingConfigDeploy_StreamingEdgeConsolevalidation" name="ProjectCreation" time="1685.140"/>
  <system-out/>
  <testcase classname="EdgeServices.E2E_Cockpit_EdgeProject_StreamingConfigDeploy_StreamingEdgeConsolevalidation" name="GetIOTDataRespectiveGatewayID" time="10.932"/>
  <system-out/>
</testsuite> <!-- EdgeServices.E2E_Cockpit_EdgeProject_StreamingConfigDeploy_StreamingEdgeConsolevalidation -->
