<?xml version="1.0" encoding="UTF-8"?>
<!-- Generated by org.testng.reporters.JUnitReportReporter -->
<testsuite skipped="0" hostname="BLRUNNFWN31889" name="amazon.test.BaseTest" tests="1" failures="0" timestamp="12 Dec 2018 07:12:51 GMT" time="21.251" errors="0">
  <testcase name="validateLogin" time="21.251" classname="amazon.test.BaseTest"/>
</testsuite> <!-- amazon.test.BaseTest -->
