<?xml version="1.0" encoding="UTF-8"?>
<!-- Generated by org.testng.reporters.JUnitReportReporter -->
<testsuite name="EdgeServicesTestcases.GlobalInboundConnectorTypeslistandOutBoundConnectortypeCreationandDelete" tests="2" time="74.661" ignored="8" failures="0" timestamp="04 May 2020 15:16:44 GMT" skipped="1" hostname="INLN56593756A" errors="0">
  <testcase name="ViewList_InboundConnectorstypes" time="74.660" classname="EdgeServicesTestcases.GlobalInboundConnectorTypeslistandOutBoundConnectortypeCreationandDelete"/>
  <testcase name="CreateCustomoutboundConnectortypeandDeleting" time="0.001" classname="EdgeServicesTestcases.GlobalInboundConnectorTypeslistandOutBoundConnectortypeCreationandDelete">
    <skipped/>
  </testcase> <!-- CreateCustomoutboundConnectortypeandDeleting -->
  <testcase name="beforeSuite" classname="BaseComponent.BaseTest">
    <skipped/>
  </testcase> <!-- beforeSuite -->
  <testcase name="beforeSuite" classname="BaseComponent.BaseTest">
    <skipped/>
  </testcase> <!-- beforeSuite -->
  <testcase name="beforeSuite" classname="BaseComponent.BaseTest">
    <skipped/>
  </testcase> <!-- beforeSuite -->
  <testcase name="beforeSuite" classname="BaseComponent.BaseTest">
    <skipped/>
  </testcase> <!-- beforeSuite -->
  <testcase name="AfterSuite" classname="BaseComponent.BaseTest">
    <skipped/>
  </testcase> <!-- AfterSuite -->
  <testcase name="AfterSuite" classname="BaseComponent.BaseTest">
    <skipped/>
  </testcase> <!-- AfterSuite -->
  <testcase name="AfterSuite" classname="BaseComponent.BaseTest">
    <skipped/>
  </testcase> <!-- AfterSuite -->
  <testcase name="AfterSuite" classname="BaseComponent.BaseTest">
    <skipped/>
  </testcase> <!-- AfterSuite -->
</testsuite> <!-- EdgeServicesTestcases.GlobalInboundConnectorTypeslistandOutBoundConnectortypeCreationandDelete -->
