<?xml version="1.0" encoding="UTF-8"?>
<!-- Generated by org.testng.reporters.JUnitReportReporter -->
<testsuite skipped="0" hostname="INLN56593756A" name="PolicyService.JenkinsTestAmazon" tests="1" failures="0" timestamp="15 May 2019 04:43:42 GMT" time="20.398" errors="0">
  <testcase name="AmazonTest_flow" time="20.398" classname="PolicyService.JenkinsTestAmazon"/>
</testsuite> <!-- PolicyService.JenkinsTestAmazon -->
