<?xml version="1.0" encoding="UTF-8"?>
<!-- Generated by org.testng.reporters.JUnitReportReporter -->
<testsuite hostname="W-5CG7353LY6" failures="0" tests="1" name="EdgeServices.PersistenceServiceConfigurationCreationByDataRetensionandDeployedtoGateway" time="694.560" errors="0" timestamp="2021-03-15T13:23:34 IST" skipped="0">
  <testcase classname="EdgeServices.PersistenceServiceConfigurationCreationByDataRetensionandDeployedtoGateway" name="PersistenceService_DataRetension_flow" time="694.560"/>
  <system-out/>
</testsuite> <!-- EdgeServices.PersistenceServiceConfigurationCreationByDataRetensionandDeployedtoGateway -->
