<?xml version="1.0" encoding="UTF-8"?>
<!-- Generated by org.testng.reporters.JUnitReportReporter -->
<testsuite hostname="W-5CG7353LY6" failures="0" tests="2" name="EdgeServices.InboundConnectorTypeslistandOutBoundConnectortypeCreateUpdateandDelete" time="290.054" errors="0" timestamp="2021-03-15T13:19:07 IST" skipped="0">
  <testcase classname="EdgeServices.InboundConnectorTypeslistandOutBoundConnectortypeCreateUpdateandDelete" name="TC02_GlobaloutboundConnectortypeandDeleting" time="165.192"/>
  <system-out/>
  <testcase classname="EdgeServices.InboundConnectorTypeslistandOutBoundConnectortypeCreateUpdateandDelete" name="TC01_ViewList_InboundConnectorstypes" time="124.862"/>
  <system-out/>
</testsuite> <!-- EdgeServices.InboundConnectorTypeslistandOutBoundConnectortypeCreateUpdateandDelete -->
