<?xml version="1.0" encoding="UTF-8"?>
<!-- Generated by org.testng.reporters.JUnitReportReporter -->
<testsuite skipped="0" hostname="INLN56593756A" name="StreamingService.InputFileRun" tests="1" failures="0" timestamp="31 Jan 2019 12:49:43 GMT" time="55.664" errors="0">
  <testcase name="sampletest1" time="55.664" classname="StreamingService.InputFileRun"/>
</testsuite> <!-- StreamingService.InputFileRun -->
