<?xml version="1.0" encoding="UTF-8"?>
<!-- Generated by org.testng.reporters.JUnitReportReporter -->
<testsuite skipped="0" hostname="INLN56593756A" name="StreamingService.Test_VM_equality_deviceid" tests="1" failures="0" timestamp="08 May 2019 07:35:16 GMT" time="244.767" errors="0">
  <testcase name="TC18_Test_VM_equality_deviceid" time="244.767" classname="StreamingService.Test_VM_equality_deviceid"/>
</testsuite> <!-- StreamingService.Test_VM_equality_deviceid -->
