<?xml version="1.0" encoding="UTF-8"?>
<!-- Generated by org.testng.reporters.JUnitReportReporter -->
<testsuite skipped="0" hostname="INLN56593756A" name="StreamingService.Test_VM_tieredcritical_sensorID" tests="1" failures="0" timestamp="24 May 2019 06:18:03 GMT" time="378.432" errors="0">
  <testcase name="TC06_Test_VM_Tiered_Critical_SensorID_Flow" time="378.432" classname="StreamingService.Test_VM_tieredcritical_sensorID"/>
</testsuite> <!-- StreamingService.Test_VM_tieredcritical_sensorID -->
