<?xml version="1.0" encoding="UTF-8"?>
<!-- Generated by org.testng.reporters.JUnitReportReporter -->
<testsuite skipped="0" hostname="BLRUNNFWN31889" name="amazon.test.LoginTest" tests="1" failures="0" timestamp="07 Dec 2018 09:47:18 GMT" time="10.128" errors="0">
  <testcase name="validateLogin" time="10.128" classname="amazon.test.LoginTest"/>
</testsuite> <!-- amazon.test.LoginTest -->
