<?xml version="1.0" encoding="UTF-8"?>
<!-- Generated by org.testng.reporters.JUnitReportReporter -->
<testsuite skipped="0" hostname="INLN56593756A" name="PolicyService.Policyservicetestcase" tests="1" failures="0" timestamp="30 May 2019 05:33:42 GMT" time="702.922" errors="0">
  <testcase name="PolicyserviceTestcase1" time="702.922" classname="PolicyService.Policyservicetestcase"/>
</testsuite> <!-- PolicyService.Policyservicetestcase -->
