<?xml version="1.0" encoding="UTF-8"?>
<!-- Generated by org.testng.reporters.JUnitReportReporter -->
<testsuite hostname="W-5CG7353LY6" failures="0" tests="1" name="EdgeServices.GLobalActionCreationandDelete" time="182.225" errors="0" timestamp="2021-02-01T13:02:14 IST" skipped="0">
  <testcase classname="EdgeServices.GLobalActionCreationandDelete" name="CreateGlobalActionupdateDelete" time="182.225"/>
  <system-out/>
</testsuite> <!-- EdgeServices.GLobalActionCreationandDelete -->
