<?xml version="1.0" encoding="UTF-8"?>
<!-- Generated by org.testng.reporters.JUnitReportReporter -->
<testsuite skipped="0" hostname="INLN56593756A" name="EdgeServices.PersistenceServiceDataRetension" tests="1" failures="0" timestamp="05 Jun 2020 07:11:52 GMT" time="487.323" errors="0">
  <testcase name="PersistenceService_DataRetension_flow" time="487.323" classname="EdgeServices.PersistenceServiceDataRetension"/>
</testsuite> <!-- EdgeServices.PersistenceServiceDataRetension -->
