<?xml version="1.0" encoding="UTF-8"?>
<!-- Generated by org.testng.reporters.JUnitReportReporter -->
<testsuite skipped="0" hostname="INLN56593756A" name="EdgeServices.GlobalInboundConnectorTypeslistandOutBoundConnectortypeCreationandDelete" tests="1" failures="0" timestamp="02 Jun 2020 09:30:50 GMT" time="80.763" errors="0">
  <testcase name="ViewList_InboundConnectorstypes" time="80.763" classname="EdgeServices.GlobalInboundConnectorTypeslistandOutBoundConnectortypeCreationandDelete"/>
</testsuite> <!-- EdgeServices.GlobalInboundConnectorTypeslistandOutBoundConnectortypeCreationandDelete -->
