<?xml version="1.0" encoding="UTF-8"?>
<!-- Generated by org.testng.reporters.JUnitReportReporter -->
<testsuite skipped="0" hostname="INLN56593756A" name="StreamingService.Test_VMtwoSensors_SmallerThanGreaterThan" tests="1" failures="0" timestamp="08 May 2019 07:35:16 GMT" time="440.194" errors="0">
  <testcase name="TC_03_TestVMtwoSensors_SmallerThanGreaterThan_Flow" time="440.194" classname="StreamingService.Test_VMtwoSensors_SmallerThanGreaterThan"/>
</testsuite> <!-- StreamingService.Test_VMtwoSensors_SmallerThanGreaterThan -->
