<?xml version="1.0" encoding="UTF-8"?>
<!-- Generated by org.testng.reporters.JUnitReportReporter -->
<testsuite skipped="0" hostname="INLN56593756A" name="StreamingService.Test_VM_equality_Tolerance_DeviceID" tests="1" failures="0" timestamp="02 Sep 2019 06:19:09 GMT" time="196.481" errors="0">
  <testcase name="TC16_Test_VM_equality_Tolerance_DeviceID" time="196.481" classname="StreamingService.Test_VM_equality_Tolerance_DeviceID"/>
</testsuite> <!-- StreamingService.Test_VM_equality_Tolerance_DeviceID -->
