<?xml version="1.0" encoding="UTF-8"?>
<!-- Generated by org.testng.reporters.JUnitReportReporter -->
<testsuite name="EdgeServices.SDSEnterprisePlugin" tests="1" time="499.611" ignored="4" failures="0" timestamp="27 Dec 2019 08:04:01 GMT" skipped="0" hostname="INLN56593756A" errors="0">
  <testcase name="SDSEnterprisePluginFlow" time="499.611" classname="EdgeServices.SDSEnterprisePlugin"/>
  <testcase name="AfterSuite" classname="EdgeServices.BaseTest">
    <skipped/>
  </testcase> <!-- AfterSuite -->
  <testcase name="AfterSuite" classname="EdgeServices.BaseTest">
    <skipped/>
  </testcase> <!-- AfterSuite -->
  <testcase name="beforeSuite" classname="EdgeServices.BaseTest">
    <skipped/>
  </testcase> <!-- beforeSuite -->
  <testcase name="beforeSuite" classname="EdgeServices.BaseTest">
    <skipped/>
  </testcase> <!-- beforeSuite -->
</testsuite> <!-- EdgeServices.SDSEnterprisePlugin -->
