<?xml version="1.0" encoding="UTF-8"?>
<!-- Generated by org.testng.reporters.JUnitReportReporter -->
<testsuite hostname="W-5CG7353LY6" failures="0" tests="3" name="EdgeServices.CustomPropertyCreation_AddingUserCustomPropertytoGateWay_EditUpdateDeleteProperty" time="384.692" errors="0" timestamp="2021-02-11T12:29:55 IST" skipped="0">
  <testcase classname="EdgeServices.CustomPropertyCreation_AddingUserCustomPropertytoGateWay_EditUpdateDeleteProperty" name="RemovepropertyfromgatewayandDeleteUserConfigProperty" time="202.789"/>
  <system-out/>
  <testcase classname="EdgeServices.CustomPropertyCreation_AddingUserCustomPropertytoGateWay_EditUpdateDeleteProperty" name="AddingCustomPropertiestoGateway" time="46.382"/>
  <system-out/>
  <testcase classname="EdgeServices.CustomPropertyCreation_AddingUserCustomPropertytoGateWay_EditUpdateDeleteProperty" name="UserTypeCustomPropertiesCreateUpdateandDeleting" time="135.521"/>
  <system-out/>
</testsuite> <!-- EdgeServices.CustomPropertyCreation_AddingUserCustomPropertytoGateWay_EditUpdateDeleteProperty -->
