<?xml version="1.0" encoding="UTF-8"?>
<!-- Generated by org.testng.reporters.JUnitReportReporter -->
<testsuite name="EdgeServices.E2E_Cockpit_EdgeService_TestCase" tests="4" time="14.824" ignored="0" failures="0" timestamp="16 Apr 2020 09:29:07 GMT" skipped="3" hostname="INLN56593756A" errors="1">
  <testcase name="CreateDevicewithgatewayID" time="14.824" classname="EdgeServices.E2E_Cockpit_EdgeService_TestCase">
    <error type="java.lang.NullPointerException">
      <![CDATA[java.lang.NullPointerException
	at EdgeServices.E2E_Cockpit_EdgeService_TestCase.CreateDeviceIdandDevicename(E2E_Cockpit_EdgeService_TestCase.java:2500)
	at EdgeServices.E2E_Cockpit_EdgeService_TestCase.Create_Capablity_Device_Sensor_SensorType(E2E_Cockpit_EdgeService_TestCase.java:2378)
	at EdgeServices.E2E_Cockpit_EdgeService_TestCase.GetDeviceMethod(E2E_Cockpit_EdgeService_TestCase.java:2234)
	at EdgeServices.E2E_Cockpit_EdgeService_TestCase.CreateDevicewithgatewayID(E2E_Cockpit_EdgeService_TestCase.java:143)
	at sun.reflect.NativeMethodAccessorImpl.invoke0(Native Method)
	at sun.reflect.NativeMethodAccessorImpl.invoke(Unknown Source)
	at sun.reflect.DelegatingMethodAccessorImpl.invoke(Unknown Source)
	at java.lang.reflect.Method.invoke(Unknown Source)
	at org.testng.internal.MethodInvocationHelper.invokeMethod(MethodInvocationHelper.java:104)
	at org.testng.internal.Invoker.invokeMethod(Invoker.java:645)
	at org.testng.internal.Invoker.invokeTestMethod(Invoker.java:851)
	at org.testng.internal.Invoker.invokeTestMethods(Invoker.java:1177)
	at org.testng.internal.TestMethodWorker.invokeTestMethods(TestMethodWorker.java:129)
	at org.testng.internal.TestMethodWorker.run(TestMethodWorker.java:112)
	at org.testng.TestRunner.privateRun(TestRunner.java:756)
	at org.testng.TestRunner.run(TestRunner.java:610)
	at org.testng.SuiteRunner.runTest(SuiteRunner.java:387)
	at org.testng.SuiteRunner.runSequentially(SuiteRunner.java:382)
	at org.testng.SuiteRunner.privateRun(SuiteRunner.java:340)
	at org.testng.SuiteRunner.run(SuiteRunner.java:289)
	at org.testng.SuiteRunnerWorker.runSuite(SuiteRunnerWorker.java:52)
	at org.testng.SuiteRunnerWorker.run(SuiteRunnerWorker.java:86)
	at org.testng.TestNG.runSuitesSequentially(TestNG.java:1293)
	at org.testng.TestNG.runSuitesLocally(TestNG.java:1218)
	at org.testng.TestNG.runSuites(TestNG.java:1133)
	at org.testng.TestNG.run(TestNG.java:1104)
	at org.testng.remote.AbstractRemoteTestNG.run(AbstractRemoteTestNG.java:132)
	at org.testng.remote.RemoteTestNG.initAndRun(RemoteTestNG.java:236)
	at org.testng.remote.RemoteTestNG.main(RemoteTestNG.java:81)
]]>
    </error>
  </testcase> <!-- CreateDevicewithgatewayID -->
  <testcase name="ProjectPublishandDeploymentConfig" time="0.000" classname="EdgeServices.E2E_Cockpit_EdgeService_TestCase">
    <skipped/>
  </testcase> <!-- ProjectPublishandDeploymentConfig -->
  <testcase name="ProjectCreation" time="0.000" classname="EdgeServices.E2E_Cockpit_EdgeService_TestCase">
    <skipped/>
  </testcase> <!-- ProjectCreation -->
  <testcase name="SensorProfilevalidation" time="0.000" classname="EdgeServices.E2E_Cockpit_EdgeService_TestCase">
    <skipped/>
  </testcase> <!-- SensorProfilevalidation -->
</testsuite> <!-- EdgeServices.E2E_Cockpit_EdgeService_TestCase -->
