<?xml version="1.0" encoding="UTF-8"?>
<!-- Generated by org.testng.reporters.JUnitReportReporter -->
<testsuite skipped="0" hostname="INLN56593756A" name="PolicyService.Securitycheck" tests="1" failures="0" timestamp="31 May 2019 06:55:30 GMT" time="1094.635" errors="0">
  <testcase name="Securitycheck_Testcase" time="1094.635" classname="PolicyService.Securitycheck"/>
</testsuite> <!-- PolicyService.Securitycheck -->
