<?xml version="1.0" encoding="UTF-8"?>
<!-- Generated by org.testng.reporters.JUnitReportReporter -->
<testsuite name="EdgeServices.GlobalCustomInboundConnectorTypesandOutBoundConnectortypeCreationandDelete" tests="2" time="199.514" ignored="0" failures="0" timestamp="16 Apr 2020 09:49:31 GMT" skipped="0" hostname="INLN56593756A" errors="0">
  <testcase name="ViewList_InboundConnectorstypes" time="94.114" classname="EdgeServices.GlobalCustomInboundConnectorTypesandOutBoundConnectortypeCreationandDelete"/>
  <testcase name="CreateCustomoutboundConnectortypeandDeleting" time="105.400" classname="EdgeServices.GlobalCustomInboundConnectorTypesandOutBoundConnectortypeCreationandDelete"/>
</testsuite> <!-- EdgeServices.GlobalCustomInboundConnectorTypesandOutBoundConnectortypeCreationandDelete -->
