<?xml version="1.0" encoding="UTF-8"?>
<!-- Generated by org.testng.reporters.JUnitReportReporter -->
<testsuite hostname="W-5CG7353LY6" failures="0" tests="1" name="EdgeServices.RestrictPassword_UIMaskingwithAllOutboundconnectortypes" time="1092.057" errors="0" timestamp="2021-03-15T13:19:07 IST" skipped="0">
  <testcase classname="EdgeServices.RestrictPassword_UIMaskingwithAllOutboundconnectortypes" name="RestrictPassword_UIMasking_Testcase" time="1092.057"/>
  <system-out/>
</testsuite> <!-- EdgeServices.RestrictPassword_UIMaskingwithAllOutboundconnectortypes -->
