<?xml version="1.0" encoding="UTF-8"?>
<!-- Generated by org.testng.reporters.JUnitReportReporter -->
<testsuite skipped="0" hostname="INLN56593756A" name="StreamingService.Test_VM_tiered_warning" tests="1" failures="0" timestamp="02 Sep 2019 06:19:09 GMT" time="336.895" errors="0">
  <testcase name="TC04_Test_VM_tiered_warning_Flow" time="336.895" classname="StreamingService.Test_VM_tiered_warning"/>
</testsuite> <!-- StreamingService.Test_VM_tiered_warning -->
