<?xml version="1.0" encoding="UTF-8"?>
<!-- Generated by org.testng.reporters.JUnitReportReporter -->
<testsuite name="EdgeServices.GlobalCustomServiceCreation_StreamingandEBFconfigCreation_DeployConfigstoGW" tests="1" time="955.526" ignored="0" failures="0" timestamp="11 Apr 2020 14:31:42 GMT" skipped="0" hostname="INLN56593756A" errors="0">
  <testcase name="CreateCustomServicewithConfigsandDeployed" time="955.526" classname="EdgeServices.GlobalCustomServiceCreation_StreamingandEBFconfigCreation_DeployConfigstoGW"/>
</testsuite> <!-- EdgeServices.GlobalCustomServiceCreation_StreamingandEBFconfigCreation_DeployConfigstoGW -->
