<?xml version="1.0" encoding="UTF-8"?>
<!-- Generated by org.testng.reporters.JUnitReportReporter -->
<testsuite name="EdgeServices.EBFConfigCreation_EBFConfigurationDeploytoGW" tests="2" time="442.541" ignored="0" failures="0" timestamp="08 Apr 2020 12:16:14 GMT" skipped="0" hostname="INLN56593756A" errors="0">
  <testcase name="DeployEBFConfigurationtoGateway" time="199.669" classname="EdgeServices.EBFConfigCreation_EBFConfigurationDeploytoGW"/>
  <testcase name="CreateEBFConfiguration" time="242.872" classname="EdgeServices.EBFConfigCreation_EBFConfigurationDeploytoGW"/>
</testsuite> <!-- EdgeServices.EBFConfigCreation_EBFConfigurationDeploytoGW -->
