<?xml version="1.0" encoding="UTF-8"?>
<!-- Generated by org.testng.reporters.JUnitReportReporter -->
<testsuite skipped="0" hostname="INLN56593756A" name="StreamingService.Test_VM_Tiered_Critical_SensorTag" tests="1" failures="0" timestamp="08 May 2019 07:35:16 GMT" time="391.689" errors="0">
  <testcase name="TC05_Test_VM_Tiered_Critical_SensorTag_Flow" time="391.689" classname="StreamingService.Test_VM_Tiered_Critical_SensorTag"/>
</testsuite> <!-- StreamingService.Test_VM_Tiered_Critical_SensorTag -->
