<?xml version="1.0" encoding="UTF-8"?>
<!-- Generated by org.testng.reporters.JUnitReportReporter -->
<testsuite skipped="0" hostname="INLN56593756A" name="PolicyService.Edgedesigner" tests="1" failures="0" timestamp="31 May 2019 06:03:44 GMT" time="1909.461" errors="0">
  <testcase name="EdgeDesigner_Testcase" time="1909.461" classname="PolicyService.Edgedesigner"/>
</testsuite> <!-- PolicyService.Edgedesigner -->
