<?xml version="1.0" encoding="UTF-8"?>
<!-- Generated by org.testng.reporters.JUnitReportReporter -->
<testsuite hostname="W-5CG7353LY6" failures="0" tests="1" name="EdgeServices.RestrictPassword_UIMaskingwithAllOutboundconnectortypes" time="1097.946" errors="0" timestamp="2021-02-01T13:02:13 IST" skipped="0">
  <testcase classname="EdgeServices.RestrictPassword_UIMaskingwithAllOutboundconnectortypes" name="RestrictPassword_UIMasking_Testcase" time="1097.946"/>
  <system-out/>
</testsuite> <!-- EdgeServices.RestrictPassword_UIMaskingwithAllOutboundconnectortypes -->
