<?xml version="1.0" encoding="UTF-8"?>
<!-- Generated by org.testng.reporters.JUnitReportReporter -->
<testsuite skipped="0" hostname="INLN56593756A" name="StreamingService.Test_VM_tiered_Critical" tests="1" failures="0" timestamp="02 Sep 2019 06:19:09 GMT" time="328.901" errors="0">
  <testcase name="TC09_Test_VM_tiered_Critical" time="328.901" classname="StreamingService.Test_VM_tiered_Critical"/>
</testsuite> <!-- StreamingService.Test_VM_tiered_Critical -->
