<?xml version="1.0" encoding="UTF-8"?>
<!-- Generated by org.testng.reporters.JUnitReportReporter -->
<testsuite skipped="0" hostname="INLN56593756A" name="POC_TestCases.TestMethods" tests="1" failures="0" timestamp="08 Oct 2020 16:15:07 GMT" time="558.841" errors="0">
  <testcase name="Testcase" time="558.841" classname="POC_TestCases.TestMethods"/>
</testsuite> <!-- POC_TestCases.TestMethods -->
