<?xml version="1.0" encoding="UTF-8"?>
<!-- Generated by org.testng.reporters.JUnitReportReporter -->
<testsuite name="EdgeServicesTestcases.E2E_Cockpit_EdgeService_EdgeConsole_TestCase" tests="4" time="1618.164" ignored="0" failures="0" timestamp="06 May 2020 09:36:09 GMT" skipped="0" hostname="INLN56593756A" errors="0">
  <testcase name="ProjectPublishandDeploymentConfig" time="376.411" classname="EdgeServicesTestcases.E2E_Cockpit_EdgeService_EdgeConsole_TestCase"/>
  <testcase name="ProjectCreation" time="1081.361" classname="EdgeServicesTestcases.E2E_Cockpit_EdgeService_EdgeConsole_TestCase"/>
  <testcase name="SensorProfilevalidation" time="151.444" classname="EdgeServicesTestcases.E2E_Cockpit_EdgeService_EdgeConsole_TestCase"/>
  <testcase name="CreateDevicewithgatewayID" time="8.948" classname="EdgeServicesTestcases.E2E_Cockpit_EdgeService_EdgeConsole_TestCase"/>
</testsuite> <!-- EdgeServicesTestcases.E2E_Cockpit_EdgeService_EdgeConsole_TestCase -->
