<?xml version="1.0" encoding="UTF-8"?>
<!-- Generated by org.testng.reporters.JUnitReportReporter -->
<testsuite name="EdgeServices.PersistenceServiceDataRetension" tests="1" time="1658.636" ignored="0" failures="0" timestamp="11 Dec 2019 11:08:51 GMT" skipped="0" hostname="INLN56593756A" errors="0">
  <testcase name="PersistenceService_DataRetension_flow" time="1658.636" classname="EdgeServices.PersistenceServiceDataRetension"/>
</testsuite> <!-- EdgeServices.PersistenceServiceDataRetension -->
