<?xml version="1.0" encoding="UTF-8"?>
<!-- Generated by org.testng.reporters.JUnitReportReporter -->
<testsuite skipped="0" hostname="INLN56593756A" name="StreamingEdgeConsole.Test_VM_tieredcritical_sensorID" tests="1" failures="0" timestamp="29 Jul 2020 10:18:45 GMT" time="393.372" errors="0">
  <testcase name="TC_Test_VM_Tiered_Critical_SensorID_Flow" time="393.372" classname="StreamingEdgeConsole.Test_VM_tieredcritical_sensorID"/>
</testsuite> <!-- StreamingEdgeConsole.Test_VM_tieredcritical_sensorID -->
