<?xml version="1.0" encoding="UTF-8"?>
<!-- Generated by org.testng.reporters.JUnitReportReporter -->
<testsuite skipped="0" hostname="INLN56593756A" name="PolicyService.JenkinsTestAmazon" tests="1" failures="0" timestamp="20 May 2019 05:18:34 GMT" time="19.359" errors="0">
  <testcase name="AmazonTest_flow" time="19.359" classname="PolicyService.JenkinsTestAmazon"/>
</testsuite> <!-- PolicyService.JenkinsTestAmazon -->
