<?xml version="1.0" encoding="UTF-8"?>
<!-- Generated by org.testng.reporters.JUnitReportReporter -->
<testsuite skipped="0" hostname="INLN34327658A" name="CockPit.Mqttclass" tests="1" failures="0" timestamp="11 Mar 2019 08:26:26 GMT" time="13.698" errors="0">
  <testcase name="TC01_Cockpit_Flow" time="13.698" classname="CockPit.Mqttclass"/>
</testsuite> <!-- CockPit.Mqttclass -->
