<?xml version="1.0" encoding="UTF-8"?>
<!-- Generated by org.testng.reporters.JUnitReportReporter -->
<testsuite name="EdgeServices.E2E_Cockpit_EdgeService_TestCase" tests="4" time="1115.417" ignored="0" failures="0" timestamp="06 Jan 2020 06:53:25 GMT" skipped="0" hostname="INLN56593756A" errors="0">
  <testcase name="CreateDevicewithgatewayID" time="7.562" classname="EdgeServices.E2E_Cockpit_EdgeService_TestCase"/>
  <testcase name="ProjectPublishandDeploymentConfig" time="431.192" classname="EdgeServices.E2E_Cockpit_EdgeService_TestCase"/>
  <testcase name="SensorProfilevalidation" time="145.198" classname="EdgeServices.E2E_Cockpit_EdgeService_TestCase"/>
  <testcase name="ProjectCreation" time="531.465" classname="EdgeServices.E2E_Cockpit_EdgeService_TestCase"/>
</testsuite> <!-- EdgeServices.E2E_Cockpit_EdgeService_TestCase -->
