<?xml version="1.0" encoding="UTF-8"?>
<!-- Generated by org.testng.reporters.JUnitReportReporter -->
<testsuite skipped="0" hostname="INLN56593756A" name="StreamingService.Test_VM_Smallerthan_Deviceid" tests="1" failures="0" timestamp="08 May 2019 07:35:16 GMT" time="231.400" errors="0">
  <testcase name="TC10_Test_VM_smallerthan_Deviceid" time="231.400" classname="StreamingService.Test_VM_Smallerthan_Deviceid"/>
</testsuite> <!-- StreamingService.Test_VM_Smallerthan_Deviceid -->
